<?xml version="1.0" encoding="UTF-8"?>
<!-- Generated by org.testng.reporters.JUnitReportReporter -->
<testsuite hostname="DESKTOP-HII232I" failures="0" tests="1" name="Remove_Products_From_Cart.TestCase17" time="8.280" errors="0" timestamp="2024-07-02T17:13:31 IST" skipped="0">
  <testcase classname="Remove_Products_From_Cart.TestCase17" name="Test1" time="8.280"/>
</testsuite> <!-- Remove_Products_From_Cart.TestCase17 -->
