<?xml version="1.0" encoding="UTF-8"?>
<!-- Generated by org.testng.reporters.JUnitReportReporter -->
<testsuite hostname="DESKTOP-HII232I" failures="0" tests="2" name="Place_Order_Login_before_Checkout.Testcase16" time="23.613" errors="0" timestamp="2024-07-02T16:07:12 IST" skipped="0">
  <testcase classname="Place_Order_Login_before_Checkout.Testcase16" name="Test1" time="8.300"/>
  <testcase classname="Place_Order_Login_before_Checkout.Testcase16" name="Test2" time="15.313"/>
</testsuite> <!-- Place_Order_Login_before_Checkout.Testcase16 -->
